{"level":"info","message":"GET /api-docs/","timestamp":"2025-03-27T15:58:17.950Z"}
{"level":"info","message":"GET /api-docs/swagger-ui.css","timestamp":"2025-03-27T15:58:18.013Z"}
{"level":"info","message":"GET /api-docs/swagger-ui-bundle.js","timestamp":"2025-03-27T15:58:18.022Z"}
{"level":"info","message":"GET /api-docs/swagger-ui-standalone-preset.js","timestamp":"2025-03-27T15:58:18.024Z"}
{"level":"info","message":"GET /api-docs/swagger-ui-init.js","timestamp":"2025-03-27T15:58:18.028Z"}
{"level":"info","message":"GET /api-docs/favicon-32x32.png","timestamp":"2025-03-27T15:58:18.606Z"}
{"level":"info","message":"POST /api/send-otp-sms","timestamp":"2025-03-27T15:58:25.632Z"}
{"level":"info","message":"POST /api/send-otp-sms","timestamp":"2025-03-27T15:58:30.822Z"}
{"level":"info","message":"POST /api/send-otp-sms","timestamp":"2025-03-27T15:58:36.030Z"}
{"level":"info","message":"POST /api/send-otp-sms","timestamp":"2025-03-27T15:58:41.986Z"}
{"level":"info","message":"POST /api/send-otp-sms","timestamp":"2025-03-27T15:58:55.897Z"}
{"level":"info","message":"POST /api/send-otp-sms","timestamp":"2025-03-27T15:59:14.939Z"}
{"level":"info","message":"POST /api/send-otp-sms","timestamp":"2025-03-27T15:59:21.734Z"}
{"level":"info","message":"POST /api/send-otp-email","timestamp":"2025-03-27T15:59:32.341Z"}
{"level":"info","message":"POST /api/verify-otp","timestamp":"2025-03-27T15:59:52.173Z"}
{"level":"info","message":"POST /api/register","timestamp":"2025-03-27T16:00:03.358Z"}
{"level":"info","message":"POST /api/login","timestamp":"2025-03-27T16:00:15.575Z"}
{"level":"info","message":"POST /api/refreshToken","timestamp":"2025-03-27T16:00:41.650Z"}
{"level":"info","message":"POST /api/login","timestamp":"2025-03-27T16:00:58.933Z"}
{"level":"info","message":"POST /api/refreshToken","timestamp":"2025-03-27T16:01:48.443Z"}
{"level":"info","message":"POST /api/regions","timestamp":"2025-03-27T16:03:24.453Z"}
{"level":"info","message":"GET /api/regions","timestamp":"2025-03-27T16:03:33.029Z"}
{"level":"info","message":"PATCH /api/regions/1","timestamp":"2025-03-27T16:03:42.138Z"}
{"level":"info","message":"POST /api/regions","timestamp":"2025-03-27T16:03:51.198Z"}
{"level":"info","message":"DELETE /api/regions/2","timestamp":"2025-03-27T16:03:58.526Z"}
{"level":"info","message":"POST /api/api/learningcenter","timestamp":"2025-03-27T16:04:28.461Z"}
{"level":"info","message":"POST /api/api/learningcenter","timestamp":"2025-03-27T16:05:21.268Z"}
{"level":"info","message":"GET /api-docs/","timestamp":"2025-03-27T16:05:31.878Z"}
{"level":"info","message":"GET /api-docs/swagger-ui.css","timestamp":"2025-03-27T16:05:31.939Z"}
{"level":"info","message":"GET /api-docs/swagger-ui-bundle.js","timestamp":"2025-03-27T16:05:31.949Z"}
{"level":"info","message":"GET /api-docs/swagger-ui-standalone-preset.js","timestamp":"2025-03-27T16:05:31.951Z"}
{"level":"info","message":"GET /api-docs/swagger-ui-init.js","timestamp":"2025-03-27T16:05:31.955Z"}
{"level":"info","message":"GET /api-docs/favicon-32x32.png","timestamp":"2025-03-27T16:05:32.576Z"}
{"level":"info","message":"POST /api/learningcenter","timestamp":"2025-03-27T16:05:48.488Z"}
{"level":"info","message":"GET /api/learningcenters","timestamp":"2025-03-27T16:05:58.703Z"}
{"level":"info","message":"GET /api/learningcenter/1","timestamp":"2025-03-27T16:06:08.047Z"}
{"level":"info","message":"PATCH /api/learningcenter/1","timestamp":"2025-03-27T16:06:20.943Z"}
{"level":"info","message":"POST /api/filials","timestamp":"2025-03-27T16:06:47.228Z"}
{"level":"info","message":"POST /api/filials","timestamp":"2025-03-27T16:06:53.736Z"}
{"level":"info","message":"POST /api/filials","timestamp":"2025-03-27T16:07:02.542Z"}
{"level":"info","message":"POST /api/comments","timestamp":"2025-03-27T16:07:40.848Z"}
{"level":"info","message":"POST /api/comments","timestamp":"2025-03-27T16:07:51.542Z"}
{"level":"info","message":"POST /api/comments","timestamp":"2025-03-27T16:08:55.128Z"}
{"level":"info","message":"GET /api-docs/","timestamp":"2025-03-28T09:32:19.014Z"}
{"level":"info","message":"GET /api-docs/swagger-ui.css","timestamp":"2025-03-28T09:32:19.115Z"}
{"level":"info","message":"GET /api-docs/swagger-ui-bundle.js","timestamp":"2025-03-28T09:32:19.120Z"}
{"level":"info","message":"GET /api-docs/swagger-ui-standalone-preset.js","timestamp":"2025-03-28T09:32:19.130Z"}
{"level":"info","message":"GET /api-docs/swagger-ui-init.js","timestamp":"2025-03-28T09:32:19.133Z"}
{"level":"info","message":"GET /api-docs/favicon-32x32.png","timestamp":"2025-03-28T09:32:20.485Z"}
{"level":"info","message":"POST /api/register","timestamp":"2025-03-28T09:34:34.896Z"}
{"level":"info","message":"POST /api/register","timestamp":"2025-03-28T09:34:47.888Z"}
{"level":"info","message":"POST /api/login","timestamp":"2025-03-28T09:34:57.174Z"}
{"level":"info","message":"GET /api/me","timestamp":"2025-03-28T09:35:25.479Z"}
{"level":"info","message":"POST /api/upload","timestamp":"2025-03-28T09:37:06.108Z"}
{"level":"info","message":"GET /uploads/1743154626122.jpg","timestamp":"2025-03-28T09:37:20.770Z"}
{"level":"info","message":"GET /favicon.ico","timestamp":"2025-03-28T09:37:21.144Z"}
{"level":"info","message":"POST /api/categories","timestamp":"2025-03-28T09:39:22.542Z"}
{"level":"info","message":"POST /api/resources","timestamp":"2025-03-28T09:39:51.189Z"}
